16:40:56 **** Build of configuration Nios II for project LAB_1_bsp ****
make all 
[BSP build complete]
16:41:15 **** Build of configuration Nios II for project LAB_1 ****
make all 
Info: Building ../LAB_1_bsp/
D:/programme/QUARTUS/nios2eds/bin/gnu/H-x86_64-mingw32/bin/make --no-print-directory -C ../LAB_1_bsp/
[BSP build complete]
Info: Compiling main.c to obj/default/main.o
nios2-elf-gcc -xc -MP -MMD -c -I../LAB_1_bsp//HAL/inc -I../LAB_1_bsp/ -I../LAB_1_bsp//drivers/inc  -pipe -D__hal__ -DALT_NO_INSTRUCTION_EMULATION -DALT_SINGLE_THREADED    -O0 -g -Wall   -mno-hw-div -mno-hw-mul -mno-hw-mulx -mgpopt=global  -o obj/default/main.o main.c
Info: Linking LAB_1.elf
nios2-elf-g++  -T'../LAB_1_bsp//linker.x' -msys-crt0='../LAB_1_bsp//obj/HAL/src/crt0.o' -msys-lib=hal_bsp -L../LAB_1_bsp/   -Wl,-Map=LAB_1.map   -O0 -g -Wall   -mno-hw-div -mno-hw-mul -mno-hw-mulx -mgpopt=global  -o LAB_1.elf obj/default/main.o -lm -msys-lib=m
nios2-elf-insert LAB_1.elf --thread_model hal --cpu_name nios2_gen2_0 --qsys true --simulation_enabled false --stderr_dev jtag_uart_0 --stdin_dev jtag_uart_0 --stdout_dev jtag_uart_0 --sopc_system_name Archi_lab_1 --quartus_project_dir "D:/UCA/m2/conception_conjointe/Lab_1_HEITZ" --jdi ../..//output_files/LAB_1.jdi --sopcinfo D:/UCA/m2/conception_conjointe/Lab_1_HEITZ/software/LAB_1_bsp/../../Archi_lab_1.sopcinfo
Info: (LAB_1.elf) 15 KBytes program size (code + initialized data).
Info:             18 KBytes free for stack + heap.
Info: Creating LAB_1.objdump
nios2-elf-objdump --disassemble --syms --all-header --source LAB_1.elf >LAB_1.objdump
[LAB_1 build complete]
16:41:18 **** Incremental Build of configuration Nios II for project LAB_1 ****
make all 
Info: Building ../LAB_1_bsp/
D:/programme/QUARTUS/nios2eds/bin/gnu/H-x86_64-mingw32/bin/make --no-print-directory -C ../LAB_1_bsp/
[BSP build complete]
[LAB_1 build complete]
16:43:45 **** Incremental Build of configuration Nios II for project LAB_1 ****
make all 
Info: Building ../LAB_1_bsp/
D:/programme/QUARTUS/nios2eds/bin/gnu/H-x86_64-mingw32/bin/make --no-print-directory -C ../LAB_1_bsp/
[BSP build complete]
Info: Compiling main.c to obj/default/main.o
nios2-elf-gcc -xc -MP -MMD -c -I../LAB_1_bsp//HAL/inc -I../LAB_1_bsp/ -I../LAB_1_bsp//drivers/inc  -pipe -D__hal__ -DALT_NO_INSTRUCTION_EMULATION -DALT_SINGLE_THREADED    -O0 -g -Wall   -mno-hw-div -mno-hw-mul -mno-hw-mulx -mgpopt=global  -o obj/default/main.o main.c
Info: Linking LAB_1.elf
nios2-elf-g++  -T'../LAB_1_bsp//linker.x' -msys-crt0='../LAB_1_bsp//obj/HAL/src/crt0.o' -msys-lib=hal_bsp -L../LAB_1_bsp/   -Wl,-Map=LAB_1.map   -O0 -g -Wall   -mno-hw-div -mno-hw-mul -mno-hw-mulx -mgpopt=global  -o LAB_1.elf obj/default/main.o -lm -msys-lib=m
nios2-elf-insert LAB_1.elf --thread_model hal --cpu_name nios2_gen2_0 --qsys true --simulation_enabled false --stderr_dev jtag_uart_0 --stdin_dev jtag_uart_0 --stdout_dev jtag_uart_0 --sopc_system_name Archi_lab_1 --quartus_project_dir "D:/UCA/m2/conception_conjointe/Lab_1_HEITZ" --jdi ../..//output_files/LAB_1.jdi --sopcinfo D:/UCA/m2/conception_conjointe/Lab_1_HEITZ/software/LAB_1_bsp/../../Archi_lab_1.sopcinfo
Info: (LAB_1.elf) 15 KBytes program size (code + initialized data).
Info:             18 KBytes free for stack + heap.
Info: Creating LAB_1.objdump
nios2-elf-objdump --disassemble --syms --all-header --source LAB_1.elf >LAB_1.objdump
[LAB_1 build complete]
16:46:11 **** Incremental Build of configuration Nios II for project LAB_1 ****
make all 
Info: Building ../LAB_1_bsp/
D:/programme/QUARTUS/nios2eds/bin/gnu/H-x86_64-mingw32/bin/make --no-print-directory -C ../LAB_1_bsp/
[BSP build complete]
Info: Compiling main.c to obj/default/main.o
nios2-elf-gcc -xc -MP -MMD -c -I../LAB_1_bsp//HAL/inc -I../LAB_1_bsp/ -I../LAB_1_bsp//drivers/inc  -pipe -D__hal__ -DALT_NO_INSTRUCTION_EMULATION -DALT_SINGLE_THREADED    -O0 -g -Wall   -mno-hw-div -mno-hw-mul -mno-hw-mulx -mgpopt=global  -o obj/default/main.o main.c
Info: Linking LAB_1.elf
nios2-elf-g++  -T'../LAB_1_bsp//linker.x' -msys-crt0='../LAB_1_bsp//obj/HAL/src/crt0.o' -msys-lib=hal_bsp -L../LAB_1_bsp/   -Wl,-Map=LAB_1.map   -O0 -g -Wall   -mno-hw-div -mno-hw-mul -mno-hw-mulx -mgpopt=global  -o LAB_1.elf obj/default/main.o -lm -msys-lib=m
nios2-elf-insert LAB_1.elf --thread_model hal --cpu_name nios2_gen2_0 --qsys true --simulation_enabled false --stderr_dev jtag_uart_0 --stdin_dev jtag_uart_0 --stdout_dev jtag_uart_0 --sopc_system_name Archi_lab_1 --quartus_project_dir "D:/UCA/m2/conception_conjointe/Lab_1_HEITZ" --jdi ../..//output_files/LAB_1.jdi --sopcinfo D:/UCA/m2/conception_conjointe/Lab_1_HEITZ/software/LAB_1_bsp/../../Archi_lab_1.sopcinfo
Info: (LAB_1.elf) 15 KBytes program size (code + initialized data).
Info:             18 KBytes free for stack + heap.
Info: Creating LAB_1.objdump
nios2-elf-objdump --disassemble --syms --all-header --source LAB_1.elf >LAB_1.objdump
[LAB_1 build complete]
16:47:00 **** Incremental Build of configuration Nios II for project LAB_1 ****
make all 
Info: Building ../LAB_1_bsp/
D:/programme/QUARTUS/nios2eds/bin/gnu/H-x86_64-mingw32/bin/make --no-print-directory -C ../LAB_1_bsp/
[BSP build complete]
[LAB_1 build complete]
16:47:01 **** Incremental Build of configuration Nios II for project LAB_1 ****
make all 
Info: Building ../LAB_1_bsp/
D:/programme/QUARTUS/nios2eds/bin/gnu/H-x86_64-mingw32/bin/make --no-print-directory -C ../LAB_1_bsp/
[BSP build complete]
[LAB_1 build complete]
16:48:04 **** Incremental Build of configuration Nios II for project LAB_1 ****
make all 
Info: Building ../LAB_1_bsp/
D:/programme/QUARTUS/nios2eds/bin/gnu/H-x86_64-mingw32/bin/make --no-print-directory -C ../LAB_1_bsp/
[BSP build complete]
Info: Compiling main.c to obj/default/main.o
nios2-elf-gcc -xc -MP -MMD -c -I../LAB_1_bsp//HAL/inc -I../LAB_1_bsp/ -I../LAB_1_bsp//drivers/inc  -pipe -D__hal__ -DALT_NO_INSTRUCTION_EMULATION -DALT_SINGLE_THREADED    -O0 -g -Wall   -mno-hw-div -mno-hw-mul -mno-hw-mulx -mgpopt=global  -o obj/default/main.o main.c
Info: Linking LAB_1.elf
nios2-elf-g++  -T'../LAB_1_bsp//linker.x' -msys-crt0='../LAB_1_bsp//obj/HAL/src/crt0.o' -msys-lib=hal_bsp -L../LAB_1_bsp/   -Wl,-Map=LAB_1.map   -O0 -g -Wall   -mno-hw-div -mno-hw-mul -mno-hw-mulx -mgpopt=global  -o LAB_1.elf obj/default/main.o -lm -msys-lib=m
nios2-elf-insert LAB_1.elf --thread_model hal --cpu_name nios2_gen2_0 --qsys true --simulation_enabled false --stderr_dev jtag_uart_0 --stdin_dev jtag_uart_0 --stdout_dev jtag_uart_0 --sopc_system_name Archi_lab_1 --quartus_project_dir "D:/UCA/m2/conception_conjointe/Lab_1_HEITZ" --jdi ../..//output_files/LAB_1.jdi --sopcinfo D:/UCA/m2/conception_conjointe/Lab_1_HEITZ/software/LAB_1_bsp/../../Archi_lab_1.sopcinfo
Info: (LAB_1.elf) 15 KBytes program size (code + initialized data).
Info:             18 KBytes free for stack + heap.
Info: Creating LAB_1.objdump
nios2-elf-objdump --disassemble --syms --all-header --source LAB_1.elf >LAB_1.objdump
[LAB_1 build complete]
16:49:17 **** Incremental Build of configuration Nios II for project LAB_1 ****
make all 
Info: Building ../LAB_1_bsp/
D:/programme/QUARTUS/nios2eds/bin/gnu/H-x86_64-mingw32/bin/make --no-print-directory -C ../LAB_1_bsp/
[BSP build complete]
Info: Compiling main.c to obj/default/main.o
nios2-elf-gcc -xc -MP -MMD -c -I../LAB_1_bsp//HAL/inc -I../LAB_1_bsp/ -I../LAB_1_bsp//drivers/inc  -pipe -D__hal__ -DALT_NO_INSTRUCTION_EMULATION -DALT_SINGLE_THREADED    -O0 -g -Wall   -mno-hw-div -mno-hw-mul -mno-hw-mulx -mgpopt=global  -o obj/default/main.o main.c
main.c: In function 'main':
main.c:10:3: warning: implicit declaration of function 'ALT_PRINTF' [-Wimplicit-function-declaration]
   ALT_PRINTF(2);
   ^
Info: Linking LAB_1.elf
nios2-elf-g++  -T'../LAB_1_bsp//linker.x' -msys-crt0='../LAB_1_bsp//obj/HAL/src/crt0.o' -msys-lib=hal_bsp -L../LAB_1_bsp/   -Wl,-Map=LAB_1.map   -O0 -g -Wall   -mno-hw-div -mno-hw-mul -mno-hw-mulx -mgpopt=global  -o LAB_1.elf obj/default/main.o -lm -msys-lib=m
obj/default/main.o: In function `main':
D:\UCA\m2\conception_conjointe\Lab_1_HEITZ\software\LAB_1/main.c:10: undefined reference to `ALT_PRINTF'
collect2.exe: error: ld returned 1 exit status
make: *** [LAB_1.elf] Error 1
16:49:35 **** Incremental Build of configuration Nios II for project LAB_1 ****
make all 
Info: Building ../LAB_1_bsp/
D:/programme/QUARTUS/nios2eds/bin/gnu/H-x86_64-mingw32/bin/make --no-print-directory -C ../LAB_1_bsp/
[BSP build complete]
Info: Compiling main.c to obj/default/main.o
nios2-elf-gcc -xc -MP -MMD -c -I../LAB_1_bsp//HAL/inc -I../LAB_1_bsp/ -I../LAB_1_bsp//drivers/inc  -pipe -D__hal__ -DALT_NO_INSTRUCTION_EMULATION -DALT_SINGLE_THREADED    -O0 -g -Wall   -mno-hw-div -mno-hw-mul -mno-hw-mulx -mgpopt=global  -o obj/default/main.o main.c
Info: Linking LAB_1.elf
nios2-elf-g++  -T'../LAB_1_bsp//linker.x' -msys-crt0='../LAB_1_bsp//obj/HAL/src/crt0.o' -msys-lib=hal_bsp -L../LAB_1_bsp/   -Wl,-Map=LAB_1.map   -O0 -g -Wall   -mno-hw-div -mno-hw-mul -mno-hw-mulx -mgpopt=global  -o LAB_1.elf obj/default/main.o -lm -msys-lib=m
nios2-elf-insert LAB_1.elf --thread_model hal --cpu_name nios2_gen2_0 --qsys true --simulation_enabled false --stderr_dev jtag_uart_0 --stdin_dev jtag_uart_0 --stdout_dev jtag_uart_0 --sopc_system_name Archi_lab_1 --quartus_project_dir "D:/UCA/m2/conception_conjointe/Lab_1_HEITZ" --jdi ../..//output_files/LAB_1.jdi --sopcinfo D:/UCA/m2/conception_conjointe/Lab_1_HEITZ/software/LAB_1_bsp/../../Archi_lab_1.sopcinfo
Info: (LAB_1.elf) 15 KBytes program size (code + initialized data).
Info:             18 KBytes free for stack + heap.
Info: Creating LAB_1.objdump
nios2-elf-objdump --disassemble --syms --all-header --source LAB_1.elf >LAB_1.objdump
[LAB_1 build complete]
16:52:00 **** Incremental Build of configuration Nios II for project LAB_1 ****
make all 
Info: Building ../LAB_1_bsp/
D:/programme/QUARTUS/nios2eds/bin/gnu/H-x86_64-mingw32/bin/make --no-print-directory -C ../LAB_1_bsp/
[BSP build complete]
Info: Compiling main.c to obj/default/main.o
nios2-elf-gcc -xc -MP -MMD -c -I../LAB_1_bsp//HAL/inc -I../LAB_1_bsp/ -I../LAB_1_bsp//drivers/inc  -pipe -D__hal__ -DALT_NO_INSTRUCTION_EMULATION -DALT_SINGLE_THREADED    -O0 -g -Wall   -mno-hw-div -mno-hw-mul -mno-hw-mulx -mgpopt=global  -o obj/default/main.o main.c
Info: Linking LAB_1.elf
nios2-elf-g++  -T'../LAB_1_bsp//linker.x' -msys-crt0='../LAB_1_bsp//obj/HAL/src/crt0.o' -msys-lib=hal_bsp -L../LAB_1_bsp/   -Wl,-Map=LAB_1.map   -O0 -g -Wall   -mno-hw-div -mno-hw-mul -mno-hw-mulx -mgpopt=global  -o LAB_1.elf obj/default/main.o -lm -msys-lib=m
nios2-elf-insert LAB_1.elf --thread_model hal --cpu_name nios2_gen2_0 --qsys true --simulation_enabled false --stderr_dev jtag_uart_0 --stdin_dev jtag_uart_0 --stdout_dev jtag_uart_0 --sopc_system_name Archi_lab_1 --quartus_project_dir "D:/UCA/m2/conception_conjointe/Lab_1_HEITZ" --jdi ../..//output_files/LAB_1.jdi --sopcinfo D:/UCA/m2/conception_conjointe/Lab_1_HEITZ/software/LAB_1_bsp/../../Archi_lab_1.sopcinfo
Info: (LAB_1.elf) 15 KBytes program size (code + initialized data).
Info:             18 KBytes free for stack + heap.
Info: Creating LAB_1.objdump
nios2-elf-objdump --disassemble --syms --all-header --source LAB_1.elf >LAB_1.objdump
[LAB_1 build complete]
16:52:21 **** Incremental Build of configuration Nios II for project LAB_1 ****
make all 
Info: Building ../LAB_1_bsp/
D:/programme/QUARTUS/nios2eds/bin/gnu/H-x86_64-mingw32/bin/make --no-print-directory -C ../LAB_1_bsp/
[BSP build complete]
Info: Compiling main.c to obj/default/main.o
nios2-elf-gcc -xc -MP -MMD -c -I../LAB_1_bsp//HAL/inc -I../LAB_1_bsp/ -I../LAB_1_bsp//drivers/inc  -pipe -D__hal__ -DALT_NO_INSTRUCTION_EMULATION -DALT_SINGLE_THREADED    -O0 -g -Wall   -mno-hw-div -mno-hw-mul -mno-hw-mulx -mgpopt=global  -o obj/default/main.o main.c
Info: Linking LAB_1.elf
nios2-elf-g++  -T'../LAB_1_bsp//linker.x' -msys-crt0='../LAB_1_bsp//obj/HAL/src/crt0.o' -msys-lib=hal_bsp -L../LAB_1_bsp/   -Wl,-Map=LAB_1.map   -O0 -g -Wall   -mno-hw-div -mno-hw-mul -mno-hw-mulx -mgpopt=global  -o LAB_1.elf obj/default/main.o -lm -msys-lib=m
nios2-elf-insert LAB_1.elf --thread_model hal --cpu_name nios2_gen2_0 --qsys true --simulation_enabled false --stderr_dev jtag_uart_0 --stdin_dev jtag_uart_0 --stdout_dev jtag_uart_0 --sopc_system_name Archi_lab_1 --quartus_project_dir "D:/UCA/m2/conception_conjointe/Lab_1_HEITZ" --jdi ../..//output_files/LAB_1.jdi --sopcinfo D:/UCA/m2/conception_conjointe/Lab_1_HEITZ/software/LAB_1_bsp/../../Archi_lab_1.sopcinfo
Info: (LAB_1.elf) 15 KBytes program size (code + initialized data).
Info:             18 KBytes free for stack + heap.
Info: Creating LAB_1.objdump
nios2-elf-objdump --disassemble --syms --all-header --source LAB_1.elf >LAB_1.objdump
[LAB_1 build complete]
16:52:44 **** Incremental Build of configuration Nios II for project LAB_1 ****
make all 
Info: Building ../LAB_1_bsp/
D:/programme/QUARTUS/nios2eds/bin/gnu/H-x86_64-mingw32/bin/make --no-print-directory -C ../LAB_1_bsp/
[BSP build complete]
Info: Compiling main.c to obj/default/main.o
nios2-elf-gcc -xc -MP -MMD -c -I../LAB_1_bsp//HAL/inc -I../LAB_1_bsp/ -I../LAB_1_bsp//drivers/inc  -pipe -D__hal__ -DALT_NO_INSTRUCTION_EMULATION -DALT_SINGLE_THREADED    -O0 -g -Wall   -mno-hw-div -mno-hw-mul -mno-hw-mulx -mgpopt=global  -o obj/default/main.o main.c
Info: Linking LAB_1.elf
nios2-elf-g++  -T'../LAB_1_bsp//linker.x' -msys-crt0='../LAB_1_bsp//obj/HAL/src/crt0.o' -msys-lib=hal_bsp -L../LAB_1_bsp/   -Wl,-Map=LAB_1.map   -O0 -g -Wall   -mno-hw-div -mno-hw-mul -mno-hw-mulx -mgpopt=global  -o LAB_1.elf obj/default/main.o -lm -msys-lib=m
nios2-elf-insert LAB_1.elf --thread_model hal --cpu_name nios2_gen2_0 --qsys true --simulation_enabled false --stderr_dev jtag_uart_0 --stdin_dev jtag_uart_0 --stdout_dev jtag_uart_0 --sopc_system_name Archi_lab_1 --quartus_project_dir "D:/UCA/m2/conception_conjointe/Lab_1_HEITZ" --jdi ../..//output_files/LAB_1.jdi --sopcinfo D:/UCA/m2/conception_conjointe/Lab_1_HEITZ/software/LAB_1_bsp/../../Archi_lab_1.sopcinfo
Info: (LAB_1.elf) 15 KBytes program size (code + initialized data).
Info:             18 KBytes free for stack + heap.
Info: Creating LAB_1.objdump
nios2-elf-objdump --disassemble --syms --all-header --source LAB_1.elf >LAB_1.objdump
[LAB_1 build complete]
16:55:04 **** Incremental Build of configuration Nios II for project LAB_1 ****
make all 
Info: Building ../LAB_1_bsp/
D:/programme/QUARTUS/nios2eds/bin/gnu/H-x86_64-mingw32/bin/make --no-print-directory -C ../LAB_1_bsp/
[BSP build complete]
Info: Compiling main.c to obj/default/main.o
nios2-elf-gcc -xc -MP -MMD -c -I../LAB_1_bsp//HAL/inc -I../LAB_1_bsp/ -I../LAB_1_bsp//drivers/inc  -pipe -D__hal__ -DALT_NO_INSTRUCTION_EMULATION -DALT_SINGLE_THREADED    -O0 -g -Wall   -mno-hw-div -mno-hw-mul -mno-hw-mulx -mgpopt=global  -o obj/default/main.o main.c
Info: Linking LAB_1.elf
nios2-elf-g++  -T'../LAB_1_bsp//linker.x' -msys-crt0='../LAB_1_bsp//obj/HAL/src/crt0.o' -msys-lib=hal_bsp -L../LAB_1_bsp/   -Wl,-Map=LAB_1.map   -O0 -g -Wall   -mno-hw-div -mno-hw-mul -mno-hw-mulx -mgpopt=global  -o LAB_1.elf obj/default/main.o -lm -msys-lib=m
nios2-elf-insert LAB_1.elf --thread_model hal --cpu_name nios2_gen2_0 --qsys true --simulation_enabled false --stderr_dev jtag_uart_0 --stdin_dev jtag_uart_0 --stdout_dev jtag_uart_0 --sopc_system_name Archi_lab_1 --quartus_project_dir "D:/UCA/m2/conception_conjointe/Lab_1_HEITZ" --jdi ../..//output_files/LAB_1.jdi --sopcinfo D:/UCA/m2/conception_conjointe/Lab_1_HEITZ/software/LAB_1_bsp/../../Archi_lab_1.sopcinfo
Info: (LAB_1.elf) 15 KBytes program size (code + initialized data).
Info:             18 KBytes free for stack + heap.
Info: Creating LAB_1.objdump
nios2-elf-objdump --disassemble --syms --all-header --source LAB_1.elf >LAB_1.objdump
[LAB_1 build complete]
16:57:01 **** Incremental Build of configuration Nios II for project LAB_1 ****
make all 
Info: Building ../LAB_1_bsp/
D:/programme/QUARTUS/nios2eds/bin/gnu/H-x86_64-mingw32/bin/make --no-print-directory -C ../LAB_1_bsp/
[BSP build complete]
Info: Compiling main.c to obj/default/main.o
nios2-elf-gcc -xc -MP -MMD -c -I../LAB_1_bsp//HAL/inc -I../LAB_1_bsp/ -I../LAB_1_bsp//drivers/inc  -pipe -D__hal__ -DALT_NO_INSTRUCTION_EMULATION -DALT_SINGLE_THREADED    -O0 -g -Wall   -mno-hw-div -mno-hw-mul -mno-hw-mulx -mgpopt=global  -o obj/default/main.o main.c
main.c: In function 'main':
main.c:11:17: warning: implicit declaration of function 'size' [-Wimplicit-function-declaration]
 for (int i=0; i<size(2); i++)
                 ^
Info: Linking LAB_1.elf
nios2-elf-g++  -T'../LAB_1_bsp//linker.x' -msys-crt0='../LAB_1_bsp//obj/HAL/src/crt0.o' -msys-lib=hal_bsp -L../LAB_1_bsp/   -Wl,-Map=LAB_1.map   -O0 -g -Wall   -mno-hw-div -mno-hw-mul -mno-hw-mulx -mgpopt=global  -o LAB_1.elf obj/default/main.o -lm -msys-lib=m
obj/default/main.o: In function `main':
D:\UCA\m2\conception_conjointe\Lab_1_HEITZ\software\LAB_1/main.c:11: undefined reference to `size'
collect2.exe: error: ld returned 1 exit status
make: *** [LAB_1.elf] Error 1
16:57:52 **** Incremental Build of configuration Nios II for project LAB_1 ****
make all 
Info: Building ../LAB_1_bsp/
D:/programme/QUARTUS/nios2eds/bin/gnu/H-x86_64-mingw32/bin/make --no-print-directory -C ../LAB_1_bsp/
[BSP build complete]
Info: Compiling main.c to obj/default/main.o
nios2-elf-gcc -xc -MP -MMD -c -I../LAB_1_bsp//HAL/inc -I../LAB_1_bsp/ -I../LAB_1_bsp//drivers/inc  -pipe -D__hal__ -DALT_NO_INSTRUCTION_EMULATION -DALT_SINGLE_THREADED    -O0 -g -Wall   -mno-hw-div -mno-hw-mul -mno-hw-mulx -mgpopt=global  -o obj/default/main.o main.c
Info: Linking LAB_1.elf
nios2-elf-g++  -T'../LAB_1_bsp//linker.x' -msys-crt0='../LAB_1_bsp//obj/HAL/src/crt0.o' -msys-lib=hal_bsp -L../LAB_1_bsp/   -Wl,-Map=LAB_1.map   -O0 -g -Wall   -mno-hw-div -mno-hw-mul -mno-hw-mulx -mgpopt=global  -o LAB_1.elf obj/default/main.o -lm -msys-lib=m
nios2-elf-insert LAB_1.elf --thread_model hal --cpu_name nios2_gen2_0 --qsys true --simulation_enabled false --stderr_dev jtag_uart_0 --stdin_dev jtag_uart_0 --stdout_dev jtag_uart_0 --sopc_system_name Archi_lab_1 --quartus_project_dir "D:/UCA/m2/conception_conjointe/Lab_1_HEITZ" --jdi ../..//output_files/LAB_1.jdi --sopcinfo D:/UCA/m2/conception_conjointe/Lab_1_HEITZ/software/LAB_1_bsp/../../Archi_lab_1.sopcinfo
Info: (LAB_1.elf) 15 KBytes program size (code + initialized data).
Info:             18 KBytes free for stack + heap.
Info: Creating LAB_1.objdump
nios2-elf-objdump --disassemble --syms --all-header --source LAB_1.elf >LAB_1.objdump
[LAB_1 build complete]
16:59:30 **** Incremental Build of configuration Nios II for project LAB_1 ****
make all 
Info: Building ../LAB_1_bsp/
D:/programme/QUARTUS/nios2eds/bin/gnu/H-x86_64-mingw32/bin/make --no-print-directory -C ../LAB_1_bsp/
[BSP build complete]
[LAB_1 build complete]
17:00:14 **** Incremental Build of configuration Nios II for project LAB_1 ****
make all 
Info: Building ../LAB_1_bsp/
D:/programme/QUARTUS/nios2eds/bin/gnu/H-x86_64-mingw32/bin/make --no-print-directory -C ../LAB_1_bsp/
[BSP build complete]
[LAB_1 build complete]
17:07:26 **** Incremental Build of configuration Nios II for project LAB_1 ****
make all 
Info: Building ../LAB_1_bsp/
D:/programme/QUARTUS/nios2eds/bin/gnu/H-x86_64-mingw32/bin/make --no-print-directory -C ../LAB_1_bsp/
[BSP build complete]
Info: Compiling main.c to obj/default/main.o
nios2-elf-gcc -xc -MP -MMD -c -I../LAB_1_bsp//HAL/inc -I../LAB_1_bsp/ -I../LAB_1_bsp//drivers/inc  -pipe -D__hal__ -DALT_NO_INSTRUCTION_EMULATION -DALT_SINGLE_THREADED    -O0 -g -Wall   -mno-hw-div -mno-hw-mul -mno-hw-mulx -mgpopt=global  -o obj/default/main.o main.c
Info: Linking LAB_1.elf
nios2-elf-g++  -T'../LAB_1_bsp//linker.x' -msys-crt0='../LAB_1_bsp//obj/HAL/src/crt0.o' -msys-lib=hal_bsp -L../LAB_1_bsp/   -Wl,-Map=LAB_1.map   -O0 -g -Wall   -mno-hw-div -mno-hw-mul -mno-hw-mulx -mgpopt=global  -o LAB_1.elf obj/default/main.o -lm -msys-lib=m
nios2-elf-insert LAB_1.elf --thread_model hal --cpu_name nios2_gen2_0 --qsys true --simulation_enabled false --stderr_dev jtag_uart_0 --stdin_dev jtag_uart_0 --stdout_dev jtag_uart_0 --sopc_system_name Archi_lab_1 --quartus_project_dir "D:/UCA/m2/conception_conjointe/Lab_1_HEITZ" --jdi ../..//output_files/LAB_1.jdi --sopcinfo D:/UCA/m2/conception_conjointe/Lab_1_HEITZ/software/LAB_1_bsp/../../Archi_lab_1.sopcinfo
Info: (LAB_1.elf) 15 KBytes program size (code + initialized data).
Info:             17 KBytes free for stack + heap.
Info: Creating LAB_1.objdump
nios2-elf-objdump --disassemble --syms --all-header --source LAB_1.elf >LAB_1.objdump
[LAB_1 build complete]
17:08:00 **** Incremental Build of configuration Nios II for project LAB_1 ****
make all 
Info: Building ../LAB_1_bsp/
D:/programme/QUARTUS/nios2eds/bin/gnu/H-x86_64-mingw32/bin/make --no-print-directory -C ../LAB_1_bsp/
[BSP build complete]
Info: Compiling main.c to obj/default/main.o
nios2-elf-gcc -xc -MP -MMD -c -I../LAB_1_bsp//HAL/inc -I../LAB_1_bsp/ -I../LAB_1_bsp//drivers/inc  -pipe -D__hal__ -DALT_NO_INSTRUCTION_EMULATION -DALT_SINGLE_THREADED    -O0 -g -Wall   -mno-hw-div -mno-hw-mul -mno-hw-mulx -mgpopt=global  -o obj/default/main.o main.c
main.c: In function 'main':
main.c:7:7: warning: variable 'tab' set but not used [-Wunused-but-set-variable]
   int tab[4];
       ^
Info: Linking LAB_1.elf
nios2-elf-g++  -T'../LAB_1_bsp//linker.x' -msys-crt0='../LAB_1_bsp//obj/HAL/src/crt0.o' -msys-lib=hal_bsp -L../LAB_1_bsp/   -Wl,-Map=LAB_1.map   -O0 -g -Wall   -mno-hw-div -mno-hw-mul -mno-hw-mulx -mgpopt=global  -o LAB_1.elf obj/default/main.o -lm -msys-lib=m
nios2-elf-insert LAB_1.elf --thread_model hal --cpu_name nios2_gen2_0 --qsys true --simulation_enabled false --stderr_dev jtag_uart_0 --stdin_dev jtag_uart_0 --stdout_dev jtag_uart_0 --sopc_system_name Archi_lab_1 --quartus_project_dir "D:/UCA/m2/conception_conjointe/Lab_1_HEITZ" --jdi ../..//output_files/LAB_1.jdi --sopcinfo D:/UCA/m2/conception_conjointe/Lab_1_HEITZ/software/LAB_1_bsp/../../Archi_lab_1.sopcinfo
Info: (LAB_1.elf) 15 KBytes program size (code + initialized data).
Info:             17 KBytes free for stack + heap.
Info: Creating LAB_1.objdump
nios2-elf-objdump --disassemble --syms --all-header --source LAB_1.elf >LAB_1.objdump
[LAB_1 build complete]
17:09:00 **** Incremental Build of configuration Nios II for project LAB_1 ****
make all 
Info: Building ../LAB_1_bsp/
D:/programme/QUARTUS/nios2eds/bin/gnu/H-x86_64-mingw32/bin/make --no-print-directory -C ../LAB_1_bsp/
[BSP build complete]
Info: Compiling main.c to obj/default/main.o
nios2-elf-gcc -xc -MP -MMD -c -I../LAB_1_bsp//HAL/inc -I../LAB_1_bsp/ -I../LAB_1_bsp//drivers/inc  -pipe -D__hal__ -DALT_NO_INSTRUCTION_EMULATION -DALT_SINGLE_THREADED    -O0 -g -Wall   -mno-hw-div -mno-hw-mul -mno-hw-mulx -mgpopt=global  -o obj/default/main.o main.c
Info: Linking LAB_1.elf
nios2-elf-g++  -T'../LAB_1_bsp//linker.x' -msys-crt0='../LAB_1_bsp//obj/HAL/src/crt0.o' -msys-lib=hal_bsp -L../LAB_1_bsp/   -Wl,-Map=LAB_1.map   -O0 -g -Wall   -mno-hw-div -mno-hw-mul -mno-hw-mulx -mgpopt=global  -o LAB_1.elf obj/default/main.o -lm -msys-lib=m
nios2-elf-insert LAB_1.elf --thread_model hal --cpu_name nios2_gen2_0 --qsys true --simulation_enabled false --stderr_dev jtag_uart_0 --stdin_dev jtag_uart_0 --stdout_dev jtag_uart_0 --sopc_system_name Archi_lab_1 --quartus_project_dir "D:/UCA/m2/conception_conjointe/Lab_1_HEITZ" --jdi ../..//output_files/LAB_1.jdi --sopcinfo D:/UCA/m2/conception_conjointe/Lab_1_HEITZ/software/LAB_1_bsp/../../Archi_lab_1.sopcinfo
Info: (LAB_1.elf) 15 KBytes program size (code + initialized data).
Info:             18 KBytes free for stack + heap.
Info: Creating LAB_1.objdump
nios2-elf-objdump --disassemble --syms --all-header --source LAB_1.elf >LAB_1.objdump
[LAB_1 build complete]
17:14:32 **** Incremental Build of configuration Nios II for project LAB_1 ****
make all 
Info: Building ../LAB_1_bsp/
D:/programme/QUARTUS/nios2eds/bin/gnu/H-x86_64-mingw32/bin/make --no-print-directory -C ../LAB_1_bsp/
[BSP build complete]
Info: Compiling main.c to obj/default/main.o
nios2-elf-gcc -xc -MP -MMD -c -I../LAB_1_bsp//HAL/inc -I../LAB_1_bsp/ -I../LAB_1_bsp//drivers/inc  -pipe -D__hal__ -DALT_NO_INSTRUCTION_EMULATION -DALT_SINGLE_THREADED    -O0 -g -Wall   -mno-hw-div -mno-hw-mul -mno-hw-mulx -mgpopt=global  -o obj/default/main.o main.c
main.c: In function 'main':
main.c:9:10: warning: variable 'current_time' set but not used [-Wunused-but-set-variable]
   time_t current_time=0;
          ^
Info: Linking LAB_1.elf
nios2-elf-g++  -T'../LAB_1_bsp//linker.x' -msys-crt0='../LAB_1_bsp//obj/HAL/src/crt0.o' -msys-lib=hal_bsp -L../LAB_1_bsp/   -Wl,-Map=LAB_1.map   -O0 -g -Wall   -mno-hw-div -mno-hw-mul -mno-hw-mulx -mgpopt=global  -o LAB_1.elf obj/default/main.o -lm -msys-lib=m
nios2-elf-insert LAB_1.elf --thread_model hal --cpu_name nios2_gen2_0 --qsys true --simulation_enabled false --stderr_dev jtag_uart_0 --stdin_dev jtag_uart_0 --stdout_dev jtag_uart_0 --sopc_system_name Archi_lab_1 --quartus_project_dir "D:/UCA/m2/conception_conjointe/Lab_1_HEITZ" --jdi ../..//output_files/LAB_1.jdi --sopcinfo D:/UCA/m2/conception_conjointe/Lab_1_HEITZ/software/LAB_1_bsp/../../Archi_lab_1.sopcinfo
Info: (LAB_1.elf) 26 KBytes program size (code + initialized data).
Info:             5916 Bytes free for stack + heap.
Info: Creating LAB_1.objdump
nios2-elf-objdump --disassemble --syms --all-header --source LAB_1.elf >LAB_1.objdump
[LAB_1 build complete]
17:16:28 **** Incremental Build of configuration Nios II for project LAB_1 ****
make all 
Info: Building ../LAB_1_bsp/
D:/programme/QUARTUS/nios2eds/bin/gnu/H-x86_64-mingw32/bin/make --no-print-directory -C ../LAB_1_bsp/
[BSP build complete]
Info: Compiling main.c to obj/default/main.o
nios2-elf-gcc -xc -MP -MMD -c -I../LAB_1_bsp//HAL/inc -I../LAB_1_bsp/ -I../LAB_1_bsp//drivers/inc  -pipe -D__hal__ -DALT_NO_INSTRUCTION_EMULATION -DALT_SINGLE_THREADED    -O0 -g -Wall   -mno-hw-div -mno-hw-mul -mno-hw-mulx -mgpopt=global  -o obj/default/main.o main.c
Info: Linking LAB_1.elf
nios2-elf-g++  -T'../LAB_1_bsp//linker.x' -msys-crt0='../LAB_1_bsp//obj/HAL/src/crt0.o' -msys-lib=hal_bsp -L../LAB_1_bsp/   -Wl,-Map=LAB_1.map   -O0 -g -Wall   -mno-hw-div -mno-hw-mul -mno-hw-mulx -mgpopt=global  -o LAB_1.elf obj/default/main.o -lm -msys-lib=m
nios2-elf-insert LAB_1.elf --thread_model hal --cpu_name nios2_gen2_0 --qsys true --simulation_enabled false --stderr_dev jtag_uart_0 --stdin_dev jtag_uart_0 --stdout_dev jtag_uart_0 --sopc_system_name Archi_lab_1 --quartus_project_dir "D:/UCA/m2/conception_conjointe/Lab_1_HEITZ" --jdi ../..//output_files/LAB_1.jdi --sopcinfo D:/UCA/m2/conception_conjointe/Lab_1_HEITZ/software/LAB_1_bsp/../../Archi_lab_1.sopcinfo
Info: (LAB_1.elf) 15 KBytes program size (code + initialized data).
Info:             18 KBytes free for stack + heap.
Info: Creating LAB_1.objdump
nios2-elf-objdump --disassemble --syms --all-header --source LAB_1.elf >LAB_1.objdump
[LAB_1 build complete]
17:17:29 **** Incremental Build of configuration Nios II for project LAB_1 ****
make all 
Info: Building ../LAB_1_bsp/
D:/programme/QUARTUS/nios2eds/bin/gnu/H-x86_64-mingw32/bin/make --no-print-directory -C ../LAB_1_bsp/
[BSP build complete]
Info: Compiling main.c to obj/default/main.o
nios2-elf-gcc -xc -MP -MMD -c -I../LAB_1_bsp//HAL/inc -I../LAB_1_bsp/ -I../LAB_1_bsp//drivers/inc  -pipe -D__hal__ -DALT_NO_INSTRUCTION_EMULATION -DALT_SINGLE_THREADED    -O0 -g -Wall   -mno-hw-div -mno-hw-mul -mno-hw-mulx -mgpopt=global  -o obj/default/main.o main.c
Info: Linking LAB_1.elf
nios2-elf-g++  -T'../LAB_1_bsp//linker.x' -msys-crt0='../LAB_1_bsp//obj/HAL/src/crt0.o' -msys-lib=hal_bsp -L../LAB_1_bsp/   -Wl,-Map=LAB_1.map   -O0 -g -Wall   -mno-hw-div -mno-hw-mul -mno-hw-mulx -mgpopt=global  -o LAB_1.elf obj/default/main.o -lm -msys-lib=m
nios2-elf-insert LAB_1.elf --thread_model hal --cpu_name nios2_gen2_0 --qsys true --simulation_enabled false --stderr_dev jtag_uart_0 --stdin_dev jtag_uart_0 --stdout_dev jtag_uart_0 --sopc_system_name Archi_lab_1 --quartus_project_dir "D:/UCA/m2/conception_conjointe/Lab_1_HEITZ" --jdi ../..//output_files/LAB_1.jdi --sopcinfo D:/UCA/m2/conception_conjointe/Lab_1_HEITZ/software/LAB_1_bsp/../../Archi_lab_1.sopcinfo
Info: (LAB_1.elf) 15 KBytes program size (code + initialized data).
Info:             18 KBytes free for stack + heap.
Info: Creating LAB_1.objdump
nios2-elf-objdump --disassemble --syms --all-header --source LAB_1.elf >LAB_1.objdump
[LAB_1 build complete]
